<?xml version="1.0" encoding="UTF-8"?>
<!-- Generated by org.testng.reporters.JUnitReportReporter -->
<testsuite skipped="0" hostname="DESKTOP-G0PDJFM" name="projectTests.MyWishlistTests" tests="4" failures="0" timestamp="2021-06-15T20:19:59 CEST" time="63.978" errors="0">
  <testcase name="addWishList" time="15.002" classname="projectTests.MyWishlistTests"/>
  <system-out/>
  <testcase name="addMultipleWishlist" time="18.782" classname="projectTests.MyWishlistTests"/>
  <system-out/>
  <testcase name="deleteWishlist" time="13.942" classname="projectTests.MyWishlistTests"/>
  <system-out/>
  <testcase name="deleteAllWishlists" time="16.252" classname="projectTests.MyWishlistTests"/>
  <system-out/>
</testsuite> <!-- projectTests.MyWishlistTests -->
