<?xml version="1.0" encoding="UTF-8"?>
<!-- Generated by org.testng.reporters.JUnitReportReporter -->
<testsuite skipped="0" hostname="DESKTOP-G0PDJFM" name="tests.Proba" tests="1" failures="0" timestamp="2021-06-10T22:06:34 CEST" time="6.130" errors="0">
  <testcase name="test" time="6.130" classname="tests.Proba"/>
  <system-out/>
</testsuite> <!-- tests.Proba -->
