<?xml version="1.0" encoding="UTF-8"?>
<!-- Generated by org.testng.reporters.JUnitReportReporter -->
<testsuite skipped="0" hostname="DESKTOP-G0PDJFM" name="projectTests.MyWishlistTests" tests="3" failures="0" timestamp="2021-06-14T14:13:29 CEST" time="119.645" errors="0">
  <testcase name="addWishList" time="40.795" classname="projectTests.MyWishlistTests"/>
  <system-out/>
  <testcase name="addMultipleWishlist" time="57.292" classname="projectTests.MyWishlistTests"/>
  <system-out/>
  <testcase name="deleteWishlist" time="21.558" classname="projectTests.MyWishlistTests"/>
  <system-out/>
</testsuite> <!-- projectTests.MyWishlistTests -->
