<?xml version="1.0" encoding="UTF-8"?>
<!-- Generated by org.testng.reporters.JUnitReportReporter -->
<testsuite skipped="0" hostname="DESKTOP-G0PDJFM" name="projectTests.LogInTests" tests="5" failures="0" timestamp="2021-06-13T20:42:25 CEST" time="72.806" errors="0">
  <testcase name="logInValidCredentials" time="11.965" classname="projectTests.LogInTests"/>
  <system-out/>
  <testcase name="logInInvalidEmailAddress" time="12.424" classname="projectTests.LogInTests"/>
  <system-out/>
  <testcase name="logInInvalidPassword" time="12.357" classname="projectTests.LogInTests"/>
  <system-out/>
  <testcase name="logInEmptyCredentials" time="15.719" classname="projectTests.LogInTests"/>
  <system-out/>
  <testcase name="logOut" time="20.341" classname="projectTests.LogInTests"/>
  <system-out/>
</testsuite> <!-- projectTests.LogInTests -->
