<?xml version="1.0" encoding="UTF-8"?>
<!-- Generated by org.testng.reporters.JUnitReportReporter -->
<testsuite skipped="0" hostname="DESKTOP-G0PDJFM" name="projectTests.MyPersonlaInformationTests" tests="5" failures="0" timestamp="2021-06-14T18:59:35 CEST" time="104.768" errors="0">
  <testcase name="changeSocialTitle" time="32.056" classname="projectTests.MyPersonlaInformationTests"/>
  <system-out/>
  <testcase name="changeFirstName" time="21.912" classname="projectTests.MyPersonlaInformationTests"/>
  <system-out/>
  <testcase name="changeLastName" time="19.829" classname="projectTests.MyPersonlaInformationTests"/>
  <system-out/>
  <testcase name="changeDateOfBirth" time="18.464" classname="projectTests.MyPersonlaInformationTests"/>
  <system-out/>
  <testcase name="backToDefaultData" time="12.507" classname="projectTests.MyPersonlaInformationTests"/>
  <system-out/>
</testsuite> <!-- projectTests.MyPersonlaInformationTests -->
