<?xml version="1.0" encoding="UTF-8"?>
<!-- Generated by org.testng.reporters.JUnitReportReporter -->
<testsuite skipped="0" hostname="DESKTOP-G0PDJFM" name="projectTests.MyAddressesTests" tests="3" failures="0" timestamp="2021-06-14T17:14:46 CEST" time="63.098" errors="0">
  <testcase name="addANewAddress" time="23.512" classname="projectTests.MyAddressesTests"/>
  <system-out/>
  <testcase name="deleteAddress" time="21.115" classname="projectTests.MyAddressesTests"/>
  <system-out/>
  <testcase name="updateAddress" time="18.471" classname="projectTests.MyAddressesTests"/>
  <system-out/>
</testsuite> <!-- projectTests.MyAddressesTests -->
