<?xml version="1.0" encoding="UTF-8"?>
<!-- Generated by org.testng.reporters.JUnitReportReporter -->
<testsuite skipped="0" hostname="DESKTOP-G0PDJFM" name="projectTests.MyAddressesTests" tests="3" failures="0" timestamp="2021-06-15T20:59:43 CEST" time="39.233" errors="0">
  <testcase name="addANewAddress" time="12.472" classname="projectTests.MyAddressesTests"/>
  <system-out/>
  <testcase name="deleteAddress" time="11.424" classname="projectTests.MyAddressesTests"/>
  <system-out/>
  <testcase name="updateAddress" time="15.337" classname="projectTests.MyAddressesTests"/>
  <system-out/>
</testsuite> <!-- projectTests.MyAddressesTests -->
